next.config.ts(9,3): error TS2353: Object literal may only specify known properties, and 'eslint' does not exist in type 'NextConfig'.
src/features/grid/components/supplier-ai-context-modal.tsx(4,24): error TS2307: Cannot find module '@/components/ui/button' or its corresponding type declarations.
src/features/grid/components/supplier-ai-context-modal.tsx(5,114): error TS2307: Cannot find module '@/components/ui/dialog' or its corresponding type declarations.
src/features/grid/components/supplier-ai-context-modal.tsx(6,26): error TS2307: Cannot find module '@/components/ui/textarea' or its corresponding type declarations.
src/features/grid/components/supplier-ai-context-modal.tsx(87,36): error TS7006: Parameter 'e' implicitly has an 'any' type.
src/lib/mock-data.ts(66,19): error TS2345: Argument of type '{ codein: string; codeFournisseur: string; nomFournisseur: string; libelle1: string; gtin: string; reference: string; code3: string; libelle3: string; codeGamme: string; codeGammeDraft: null; sales12m: Record<...>; ... 5 more ...; aiRecommendation: null; }' is not assignable to parameter of type 'ProductRow'.
  Type '{ codein: string; codeFournisseur: string; nomFournisseur: string; libelle1: string; gtin: string; reference: string; code3: string; libelle3: string; codeGamme: string; codeGammeDraft: null; sales12m: Record<...>; ... 5 more ...; aiRecommendation: null; }' is missing the following properties from type 'ProductRow': code1, libelleNiveau1, code2, libelleNiveau2, and 2 more.
